<?xml version="1.0" encoding="UTF-8"?>
<!-- Generated by org.testng.reporters.JUnitReportReporter -->
<testsuite hostname="LAPTOP-CVK207NV" failures="0" tests="2" name="kiteWithExcel.KiteTestCrossBrowser" time="4.870" errors="0" timestamp="2022-06-21T00:27:14 IST" skipped="0">
  <testcase classname="kiteWithExcel.KiteTestCrossBrowser" name="validateKiteUserName" time="2.366"/>
  <system-out>
    <![CDATA[validating on login button
Expected userID And Actual userID are matched , TC is passed]]>
  </system-out>
  <testcase classname="kiteWithExcel.KiteTestCrossBrowser" name="validateKiteUserName" time="2.504"/>
  <system-out>
    <![CDATA[validating on login button
Expected userID And Actual userID are matched , TC is passed]]>
  </system-out>
</testsuite> <!-- kiteWithExcel.KiteTestCrossBrowser -->
