<?xml version="1.0" encoding="UTF-8"?>
<!-- Generated by org.testng.reporters.JUnitReportReporter -->
<testsuite hostname="LAPTOP-CVK207NV" failures="0" tests="1" name="failTestUsingListener.KiteUNTestUsingProperty" time="2.203" errors="0" timestamp="2022-06-23T12:44:48 IST" skipped="0">
  <testcase classname="failTestUsingListener.KiteUNTestUsingProperty" name="validateUserName" time="2.203"/>
  <system-out>
    <![CDATA[Actual UN and Expected UN are matched TC is passed]]>
  </system-out>
</testsuite> <!-- failTestUsingListener.KiteUNTestUsingProperty -->
