<?xml version="1.0" encoding="UTF-8"?>
<!-- Generated by org.testng.reporters.JUnitReportReporter -->
<testsuite hostname="LAPTOP-CVK207NV" failures="0" tests="2" name="testNGListener.mumbai" time="0.003" errors="0" timestamp="2022-06-23T11:40:01 IST" skipped="0">
  <testcase classname="testNGListener.mumbai" name="Nerul" time="0.001"/>
  <system-out>
    <![CDATA[Nerul TC is running
TC is passed, ScreenShot is not taken
Success TC name is Nerul]]>
  </system-out>
  <testcase classname="testNGListener.mumbai" name="vashi" time="0.002"/>
  <system-out>
    <![CDATA[Vashi TC is running
TC is passed, ScreenShot is not taken
Success TC name is vashi]]>
  </system-out>
</testsuite> <!-- testNGListener.mumbai -->
