<?xml version="1.0" encoding="UTF-8"?>
<!-- Generated by org.testng.reporters.JUnitReportReporter -->
<testsuite hostname="LAPTOP-CVK207NV" failures="0" tests="4" name="xmlStudy.IncludeMyTest" time="0.019" errors="0" timestamp="2022-06-15T18:21:41 IST" skipped="0">
  <testcase classname="xmlStudy.IncludeMyTest" name="MyMethod5" time="0.001"/>
  <system-out>
    <![CDATA[My Method 5 is running]]>
  </system-out>
  <testcase classname="xmlStudy.IncludeMyTest" name="MyMethod2" time="0.015"/>
  <system-out>
    <![CDATA[My Method 2 is running]]>
  </system-out>
  <testcase classname="xmlStudy.IncludeMyTest" name="MyMethod4" time="0.001"/>
  <system-out>
    <![CDATA[My Method 4 is running]]>
  </system-out>
  <testcase classname="xmlStudy.IncludeMyTest" name="MyMethod7" time="0.002"/>
  <system-out>
    <![CDATA[My Method 7 is running]]>
  </system-out>
</testsuite> <!-- xmlStudy.IncludeMyTest -->
