<?xml version="1.0" encoding="UTF-8"?>
<!-- Generated by org.testng.reporters.JUnitReportReporter -->
<testsuite hostname="LAPTOP-CVK207NV" failures="0" tests="2" name="verificationUsingSoftAssertTestNG.AssertEqualAndNotEqual" time="0.026" errors="0" timestamp="2022-06-20T22:52:15 IST" skipped="0">
  <testcase classname="verificationUsingSoftAssertTestNG.AssertEqualAndNotEqual" name="MyMethod2" time="0.003"/>
  <system-out>
    <![CDATA[a is true And TC is passed]]>
  </system-out>
  <testcase classname="verificationUsingSoftAssertTestNG.AssertEqualAndNotEqual" name="MyMethod" time="0.023"/>
  <system-out>
    <![CDATA[Tc is passed both are equal
Tc is passed both are equal]]>
  </system-out>
</testsuite> <!-- verificationUsingSoftAssertTestNG.AssertEqualAndNotEqual -->
