<?xml version="1.0" encoding="UTF-8"?>
<!-- Generated by org.testng.reporters.JUnitReportReporter -->
<testsuite hostname="LAPTOP-CVK207NV" failures="0" tests="4" name="testNGKeywords.InvocationCountUse" time="0.022" errors="0" timestamp="2022-06-15T11:04:17 IST" skipped="0">
  <testcase classname="testNGKeywords.InvocationCountUse" name="MyMethod" time="0.002"/>
  <system-out>
    <![CDATA[My Method is running]]>
  </system-out>
  <testcase classname="testNGKeywords.InvocationCountUse" name="MyMethod" time="0.004"/>
  <system-out>
    <![CDATA[My Method is running]]>
  </system-out>
  <testcase classname="testNGKeywords.InvocationCountUse" name="MyMethod" time="0.003"/>
  <system-out>
    <![CDATA[My Method is running]]>
  </system-out>
  <testcase classname="testNGKeywords.InvocationCountUse" name="MyMethod" time="0.013"/>
  <system-out>
    <![CDATA[My Method is running]]>
  </system-out>
</testsuite> <!-- testNGKeywords.InvocationCountUse -->
