<?xml version="1.0" encoding="UTF-8"?>
<!-- Generated by org.testng.reporters.JUnitReportReporter -->
<testsuite hostname="LAPTOP-CVK207NV" failures="0" tests="4" name="xmlStudy.IncludeMyTest3" time="0.005" errors="0" timestamp="2022-06-15T19:20:44 IST" skipped="0">
  <testcase classname="xmlStudy.IncludeMyTest3" name="MyMethod4" time="0.002"/>
  <system-out>
    <![CDATA[My Method 4 is running]]>
  </system-out>
  <testcase classname="xmlStudy.IncludeMyTest3" name="MyMethod6" time="0.001"/>
  <system-out>
    <![CDATA[My Method 6 sanity is running]]>
  </system-out>
  <testcase classname="xmlStudy.IncludeMyTest3" name="MyMethod2" time="0.000"/>
  <system-out>
    <![CDATA[My Method 2 is running]]>
  </system-out>
  <testcase classname="xmlStudy.IncludeMyTest3" name="MyMethod1" time="0.002"/>
  <system-out>
    <![CDATA[My Method 1 sanity is running]]>
  </system-out>
</testsuite> <!-- xmlStudy.IncludeMyTest3 -->
