<?xml version="1.0" encoding="UTF-8"?>
<!-- Generated by org.testng.reporters.JUnitReportReporter -->
<testsuite hostname="LAPTOP-CVK207NV" failures="0" tests="2" name="testNG.Annotation_Study" time="0.008" errors="0" timestamp="2022-06-11T23:41:11 IST" skipped="0">
  <testcase classname="testNG.Annotation_Study" name="MyMethod" time="0.006"/>
  <system-out>
    <![CDATA[Test1 Method is running]]>
  </system-out>
  <testcase classname="testNG.Annotation_Study" name="myMethod" time="0.002"/>
  <system-out>
    <![CDATA[Test Method is running]]>
  </system-out>
</testsuite> <!-- testNG.Annotation_Study -->
