<?xml version="1.0" encoding="UTF-8"?>
<!-- Generated by org.testng.reporters.JUnitReportReporter -->
<testsuite hostname="LAPTOP-CVK207NV" failures="0" tests="4" name="testNGKeywords.DuplicatePriority" time="0.011" errors="0" timestamp="2022-06-15T17:16:37 IST" skipped="0">
  <testcase classname="testNGKeywords.DuplicatePriority" name="Ashish" time="0.004"/>
  <system-out>
    <![CDATA[A is running]]>
  </system-out>
  <testcase classname="testNGKeywords.DuplicatePriority" name="A" time="0.002"/>
  <system-out>
    <![CDATA[A is running]]>
  </system-out>
  <testcase classname="testNGKeywords.DuplicatePriority" name="f" time="0.004"/>
  <system-out>
    <![CDATA[f is running]]>
  </system-out>
  <testcase classname="testNGKeywords.DuplicatePriority" name="Ashwini" time="0.001"/>
  <system-out>
    <![CDATA[A is running]]>
  </system-out>
</testsuite> <!-- testNGKeywords.DuplicatePriority -->
