<?xml version="1.0" encoding="UTF-8"?>
<!-- Generated by org.testng.reporters.JUnitReportReporter -->
<testsuite hostname="LAPTOP-CVK207NV" failures="0" tests="3" name="parallelExecution.MyClass1" time="13.502" errors="0" timestamp="2022-06-15T23:51:01 IST" skipped="0">
  <testcase classname="parallelExecution.MyClass1" name="MyMethod2" time="4.476"/>
  <system-out>
    <![CDATA[MyMethod2 is running]]>
  </system-out>
  <testcase classname="parallelExecution.MyClass1" name="MyMethod2" time="4.455"/>
  <system-out>
    <![CDATA[MyMethod2 is running]]>
  </system-out>
  <testcase classname="parallelExecution.MyClass1" name="MyMethod2" time="4.571"/>
  <system-out>
    <![CDATA[MyMethod2 is running]]>
  </system-out>
</testsuite> <!-- parallelExecution.MyClass1 -->
