<?xml version="1.0" encoding="UTF-8"?>
<!-- Generated by org.testng.reporters.JUnitReportReporter -->
<testsuite hostname="LAPTOP-CVK207NV" failures="0" tests="3" name="parallelExecution.MyClass3" time="13.822" errors="0" timestamp="2022-06-15T23:42:41 IST" skipped="0">
  <testcase classname="parallelExecution.MyClass3" name="MyMethod2" time="4.783"/>
  <system-out>
    <![CDATA[MyMethod2 is running]]>
  </system-out>
  <testcase classname="parallelExecution.MyClass3" name="MyMethod2" time="4.559"/>
  <system-out>
    <![CDATA[MyMethod2 is running]]>
  </system-out>
  <testcase classname="parallelExecution.MyClass3" name="MyMethod2" time="4.480"/>
  <system-out>
    <![CDATA[MyMethod2 is running]]>
  </system-out>
</testsuite> <!-- parallelExecution.MyClass3 -->
