<?xml version="1.0" encoding="UTF-8"?>
<!-- Generated by org.testng.reporters.JUnitReportReporter -->
<testsuite hostname="LAPTOP-CVK207NV" failures="0" tests="2" name="testNG.Annotation_Study1" time="0.004" errors="0" timestamp="2022-06-11T23:41:11 IST" skipped="0">
  <testcase classname="testNG.Annotation_Study1" name="MyMethod2" time="0.002"/>
  <system-out>
    <![CDATA[Test2 method is running]]>
  </system-out>
  <testcase classname="testNG.Annotation_Study1" name="MyMethod3" time="0.002"/>
  <system-out>
    <![CDATA[Test3 Method is running]]>
  </system-out>
</testsuite> <!-- testNG.Annotation_Study1 -->
