<?xml version="1.0" encoding="UTF-8"?>
<!-- Generated by org.testng.reporters.JUnitReportReporter -->
<testsuite hostname="LAPTOP-CVK207NV" failures="0" tests="1" name="kiteTestClassesPackage_Utility.ValidateKiteAppUserID" time="4.007" errors="0" timestamp="2022-06-22T07:31:01 IST" skipped="0">
  <testcase classname="kiteTestClassesPackage_Utility.ValidateKiteAppUserID" name="ValidateUserName" time="4.007"/>
  <system-out>
    <![CDATA[username is matching and TC is Passed]]>
  </system-out>
</testsuite> <!-- kiteTestClassesPackage_Utility.ValidateKiteAppUserID -->
