<?xml version="1.0" encoding="UTF-8"?>
<!-- Generated by org.testng.reporters.JUnitReportReporter -->
<testsuite hostname="LAPTOP-CVK207NV" failures="0" tests="3" name="xmlStudy.IncludeMyTest4" time="0.016" errors="0" timestamp="2022-06-15T19:20:44 IST" skipped="0">
  <testcase classname="xmlStudy.IncludeMyTest4" name="MyMethod10" time="0.012"/>
  <system-out>
    <![CDATA[My Method 10 is running]]>
  </system-out>
  <testcase classname="xmlStudy.IncludeMyTest4" name="MyMethod9" time="0.002"/>
  <system-out>
    <![CDATA[My Method 9 sanity is running]]>
  </system-out>
  <testcase classname="xmlStudy.IncludeMyTest4" name="MyMethod11" time="0.002"/>
  <system-out>
    <![CDATA[My Method 11 sanity is running]]>
  </system-out>
</testsuite> <!-- xmlStudy.IncludeMyTest4 -->
