<?xml version="1.0" encoding="UTF-8"?>
<!-- Generated by org.testng.reporters.JUnitReportReporter -->
<testsuite hostname="LAPTOP-CVK207NV" failures="0" tests="1" name="verificationUsingTestNG.AssertTrueAndAssertFalse" time="0.015" errors="0" timestamp="2022-06-16T13:57:46 IST" skipped="0">
  <testcase classname="verificationUsingTestNG.AssertTrueAndAssertFalse" name="MyTest" time="0.015"/>
  <system-out>
    <![CDATA[value is false And TC is Passed ]]>
  </system-out>
</testsuite> <!-- verificationUsingTestNG.AssertTrueAndAssertFalse -->
