<?xml version="1.0" encoding="UTF-8"?>
<!-- Generated by org.testng.reporters.JUnitReportReporter -->
<testsuite hostname="LAPTOP-CVK207NV" failures="0" tests="2" name="xmlStudy.IncludeMyTest2" time="0.004" errors="0" timestamp="2022-06-15T18:21:41 IST" skipped="0">
  <testcase classname="xmlStudy.IncludeMyTest2" name="MyMethod10" time="0.002"/>
  <system-out>
    <![CDATA[My Method 10 is running]]>
  </system-out>
  <testcase classname="xmlStudy.IncludeMyTest2" name="MyMethod11" time="0.002"/>
  <system-out>
    <![CDATA[My Method 11 is running]]>
  </system-out>
</testsuite> <!-- xmlStudy.IncludeMyTest2 -->
