<?xml version="1.0" encoding="UTF-8"?>
<!-- Generated by org.testng.reporters.JUnitReportReporter -->
<testsuite hostname="LAPTOP-CVK207NV" failures="0" tests="3" name="xmlStudy.MyTest" time="0.017" errors="0" timestamp="2022-06-15T17:49:10 IST" skipped="0">
  <testcase classname="xmlStudy.MyTest" name="MyMethod5" time="0.001"/>
  <system-out>
    <![CDATA[My Method 5 is running]]>
  </system-out>
  <testcase classname="xmlStudy.MyTest" name="MyMethod1" time="0.014"/>
  <system-out>
    <![CDATA[My Method 1 is running]]>
  </system-out>
  <testcase classname="xmlStudy.MyTest" name="MyMethod3" time="0.002"/>
  <system-out>
    <![CDATA[My Method 3 is running]]>
  </system-out>
</testsuite> <!-- xmlStudy.MyTest -->
