<?xml version="1.0" encoding="UTF-8"?>
<!-- Generated by org.testng.reporters.JUnitReportReporter -->
<testsuite hostname="LAPTOP-CVK207NV" failures="0" tests="1" name="parallelExecution.MyClass2" time="3.583" errors="0" timestamp="2022-06-15T23:50:23 IST" skipped="0">
  <testcase classname="parallelExecution.MyClass2" name="MyMethod2" time="3.583"/>
  <system-out>
    <![CDATA[MyMethod2 is running]]>
  </system-out>
</testsuite> <!-- parallelExecution.MyClass2 -->
