<?xml version="1.0" encoding="UTF-8"?>
<!-- Generated by org.testng.reporters.JUnitReportReporter -->
<testsuite hostname="LAPTOP-CVK207NV" failures="0" tests="1" name="kiteWithExcel.KiteTestClassUsingTestNG" time="2.072" errors="0" timestamp="2022-06-21T23:36:58 IST" skipped="0">
  <testcase classname="kiteWithExcel.KiteTestClassUsingTestNG" name="validateKiteUserName" time="2.072"/>
  <system-out>
    <![CDATA[validating on login button
Expected userID And Actual userID are matched , TC is passed]]>
  </system-out>
</testsuite> <!-- kiteWithExcel.KiteTestClassUsingTestNG -->
