<?xml version="1.0" encoding="UTF-8"?>
<!-- Generated by org.testng.reporters.JUnitReportReporter -->
<testsuite hostname="LAPTOP-CVK207NV" failures="0" tests="1" name="verificationUsingTestNG.AssertEqualAndNotEquals" time="0.018" errors="0" timestamp="2022-06-16T13:36:22 IST" skipped="0">
  <testcase classname="verificationUsingTestNG.AssertEqualAndNotEquals" name="mymethod" time="0.018"/>
  <system-out>
    <![CDATA[String is matching and TC is passed
String is not matching and TC is passed]]>
  </system-out>
</testsuite> <!-- verificationUsingTestNG.AssertEqualAndNotEquals -->
