<?xml version="1.0" encoding="UTF-8"?>
<!-- Generated by org.testng.reporters.JUnitReportReporter -->
<testsuite hostname="LAPTOP-CVK207NV" failures="0" tests="4" name="testNGKeywords.PriorityUse" time="0.022" errors="0" timestamp="2022-06-15T11:59:59 IST" skipped="0">
  <testcase classname="testNGKeywords.PriorityUse" name="D" time="0.017"/>
  <system-out>
    <![CDATA[D is running]]>
  </system-out>
  <testcase classname="testNGKeywords.PriorityUse" name="C" time="0.001"/>
  <system-out>
    <![CDATA[C is running]]>
  </system-out>
  <testcase classname="testNGKeywords.PriorityUse" name="A" time="0.002"/>
  <system-out>
    <![CDATA[A is running]]>
  </system-out>
  <testcase classname="testNGKeywords.PriorityUse" name="B" time="0.002"/>
  <system-out>
    <![CDATA[B is running]]>
  </system-out>
</testsuite> <!-- testNGKeywords.PriorityUse -->
