<?xml version="1.0" encoding="UTF-8"?>
<!-- Generated by org.testng.reporters.JUnitReportReporter -->
<testsuite hostname="LAPTOP-CVK207NV" failures="0" tests="3" name="testNG.MyTestClass" time="19.884" errors="0" timestamp="2022-06-11T18:54:12 IST" skipped="0">
  <testcase classname="testNG.MyTestClass" name="MyMethod" time="11.184"/>
  <system-out/>
  <testcase classname="testNG.MyTestClass" name="MyMethod2" time="1.913"/>
  <system-out>
    <![CDATA[MyMethod2 is running]]>
  </system-out>
  <testcase classname="testNG.MyTestClass" name="MyMethod3" time="6.787"/>
  <system-out>
    <![CDATA[MyMethod3 is running]]>
  </system-out>
</testsuite> <!-- testNG.MyTestClass -->
