<?xml version="1.0" encoding="UTF-8"?>
<!-- Generated by org.testng.reporters.JUnitReportReporter -->
<testsuite hostname="LAPTOP-CVK207NV" failures="0" tests="1" name="kiteTestClassesPackage_Utility.KiteUNTestUsingProperty" time="3.053" errors="0" timestamp="2022-06-22T19:46:46 IST" skipped="0">
  <testcase classname="kiteTestClassesPackage_Utility.KiteUNTestUsingProperty" name="validateUserName" time="3.053"/>
  <system-out>
    <![CDATA[Actual UN and Expected UN are matched TC is passed]]>
  </system-out>
</testsuite> <!-- kiteTestClassesPackage_Utility.KiteUNTestUsingProperty -->
