<?xml version="1.0" encoding="UTF-8"?>
<!-- Generated by org.testng.reporters.JUnitReportReporter -->
<testsuite hostname="LAPTOP-CVK207NV" failures="0" tests="2" name="testNGListener.pune" time="0.016" errors="0" timestamp="2022-06-23T11:40:01 IST" skipped="0">
  <testcase classname="testNGListener.pune" name="Kamshet" time="0.015"/>
  <system-out>
    <![CDATA[Kamshet TC is running
TC is passed, ScreenShot is not taken
Success TC name is Kamshet]]>
  </system-out>
  <testcase classname="testNGListener.pune" name="Swargate" time="0.001"/>
  <system-out>
    <![CDATA[Swargate TC is running
TC is passed, ScreenShot is not taken
Success TC name is Swargate]]>
  </system-out>
</testsuite> <!-- testNGListener.pune -->
